1523628642
1523628642
1523628701
1523628701
1523628760
1523628760
1523628820
1523628820
1523628879
1523628879
1523628938
1523628938
1523628997
1523628997
1523629056
1523629056
1523629115
1523629115
1523629174
1523629174
1523629233
1523629233
1523629292
1523629292
1523629351
1523629351
1523629410
1523629410
1523629470
1523629470
1523629529
1523629529
1523629588
1523629588
1523629647
1523629647
1523629706
1523629706
1523629765
1523629765
1523629824
1523629824
1523629883
1523629883
1523629942
1523629942
1523630001
1523630001
1523630061
1523630061
1523630120
1523630120
1523630179
1523630179
1523630238
1523630238
1523630297
1523630297
1523630356
1523630356
1523630415
1523630415
1523630474
1523630474
1523630533
1523630533
1523630593
1523630593
1523630652
1523630652
1523630711
1523630711
1523630770
1523630770
1523630829
1523630829
1523630888
1523630888
1523630947
1523630947
1523631006
1523631006
1523631066
1523631066
1523631125
1523631125
1523631184
1523631184
1523631243
1523631243
1523631302
1523631302
1523631361
1523631361
1523631420
1523631420
1523631479
1523631479
1523631538
1523631538
1523631598
1523631598
1523631657
1523631657
1523631716
1523631716
1523631775
1523631775
1523631834
1523631834
1523631893
1523631893
1523631952
1523631952
1523632011
1523632011
1523632071
1523632071
1523632130
1523632130
1523632189
1523632189
1523632248
1523632248
1523632307
1523632307
1523632366
1523632366
1523632425
1523632425
1523632484
1523632484
1523632544
1523632544
1523632603
1523632603
1523632662
1523632662
1523632721
1523632721
1523632780
1523632780
1523632839
1523632839
1523632898
1523632898
1523632957
1523632958
1523633017
1523633017
1523633076
1523633076
1523633135
1523633135
1523633194
1523633194
1523633253
1523633253
1523633312
1523633312
1523633372
1523633372
1523633431
1523633431
1523633490
1523633490
1523633549
1523633549
1523633608
1523633608
1523633667
1523633667
1523633726
1523633726
1523633786
1523633786
1523633845
1523633845
1523633904
1523633904
1523633963
1523633963
1523634022
1523634022
1523634081
1523634081
1523634141
1523634141
1523634200
1523634200
1523634259
1523634259
1523634318
1523634318
1523634377
1523634377
1523634436
1523634436
1523634496
1523634496
1523634555
1523634555
1523634614
1523634614
1523634673
1523634673
1523634732
1523634732
1523634791
1523634791
1523634851
1523634851
1523634910
1523634910
1523634969
1523634969
1523635028
1523635028
1523635087
1523635087
1523635146
1523635146
1523635205
1523635205
1523635265
1523635265
1523635324
1523635324
1523635383
1523635383
1523635442
1523635442
1523635501
1523635501
1523635560
1523635560
1523635619
1523635619
1523635678
1523635678
1523635738
1523635738
1523635797
1523635797
1523635856
1523635856
1523635915
1523635915
1523635974
1523635974
1523636033
1523636033
1523636093
1523636093
1523636152
1523636152
1523636211
1523636211
1523636270
1523636270
1523636329
1523636329
1523636388
1523636388
1523636447
1523636447
1523636507
1523636507
1523636566
1523636566
1523636625
1523636625
1523636684
1523636684
1523636743
1523636743
1523636802
1523636802
1523636862
1523636862
1523636921
1523636921
1523636980
1523636980
1523637039
1523637039
1523637098
1523637098
1523637157
1523637157
1523637217
1523637217
1523637276
1523637276
1523637335
1523637335
1523637394
1523637394
1523637453
1523637453
1523637512
1523637512
1523637572
1523637572
1523637631
1523637631
1523637690
1523637690
1523637749
1523637749
1523637808
1523637808
1523637867
1523637867
1523637927
1523637927
1523637986
1523637986
1523638045
1523638045
1523638104
1523638104
1523638163
1523638163
1523638222
1523638222
1523638282
1523638282
1523638341
1523638341
1523638400
1523638400
1523638459
1523638459
1523638518
1523638518
1523638577
1523638577
1523638637
1523638637
1523638696
1523638696
1523638755
1523638755
1523638814
1523638814
1523638873
1523638873
1523638932
1523638932
1523638992
1523638992
1523639051
1523639051
1523639110
1523639110
1523639169
1523639169
1523639228
1523639228
1523639287
1523639287
1523639346
1523639346
1523639406
1523639406
1523639465
1523639465
1523639524
1523639524
1523639583
1523639583
1523639642
1523639642
1523639701
1523639701
1523639760
1523639760
1523639820
1523639820
1523639879
1523639879
1523639938
1523639938
1523639997
1523639997
1523640056
1523640056
1523640115
1523640115
1523640174
1523640174
1523640233
1523640233
1523640293
1523640293
1523640352
1523640352
1523640411
1523640411
1523640470
1523640470
1523640529
1523640529
1523640588
1523640588
1523640647
1523640647
1523640707
1523640707
1523640766
1523640766
1523640825
1523640825
1523640884
1523640884
1523640943
1523640943
1523641002
1523641002
1523641062
1523641062
1523641121
1523641121
1523641180
1523641180
1523641239
1523641239
1523641298
1523641298
1523641357
1523641357
1523641416
1523641476
1523641476
1523641535
1523641535
1523641594
1523641594
